<?xml version="1.0" encoding="UTF-8"?>
<testng-results ignored="0" total="1" passed="1" failed="0" skipped="0">
  <reporter-output>
  </reporter-output>
  <suite started-at="2018-04-10T18:59:19Z" name="Default suite" finished-at="2018-04-10T18:59:37Z" duration-ms="18159">
    <groups>
    </groups>
    <test started-at="2018-04-10T18:59:19Z" name="Default test" finished-at="2018-04-10T18:59:37Z" duration-ms="18159">
      <class name="com.cps.test.IMFSTransferPageTest">
        <test-method is-config="true" signature="setUp()[pri:0, instance:com.cps.test.IMFSTransferPageTest@209da20d]" started-at="2018-04-10T18:59:19Z" name="setUp" finished-at="2018-04-10T18:59:34Z" duration-ms="15273" status="PASS">
          <reporter-output>
          </reporter-output>
        </test-method> <!-- setUp -->
        <test-method signature="verifyIMFSTransaction()[pri:0, instance:com.cps.test.IMFSTransferPageTest@209da20d]" started-at="2018-04-10T18:59:34Z" name="verifyIMFSTransaction" finished-at="2018-04-10T18:59:36Z" duration-ms="1910" status="PASS">
          <reporter-output>
          </reporter-output>
        </test-method> <!-- verifyIMFSTransaction -->
        <test-method is-config="true" signature="tearDown()[pri:0, instance:com.cps.test.IMFSTransferPageTest@209da20d]" started-at="2018-04-10T18:59:36Z" name="tearDown" finished-at="2018-04-10T18:59:37Z" duration-ms="890" status="PASS">
          <reporter-output>
          </reporter-output>
        </test-method> <!-- tearDown -->
      </class> <!-- com.cps.test.IMFSTransferPageTest -->
    </test> <!-- Default test -->
  </suite> <!-- Default suite -->
</testng-results>
